<?xml version="1.0" encoding="utf-8"?><testsuites name="pytest tests"><testsuite name="pytest" errors="0" failures="0" skipped="0" tests="28" time="76.877" timestamp="2026-06-17T18:18:16.067016+00:00" hostname="agent-env-f9401ac4-c754-4f60-a9e5-8fe2949c35cd"><testcase classname="backend.tests.test_tubekit.TestAuth" name="test_register_new_user" time="0.389" /><testcase classname="backend.tests.test_tubekit.TestAuth" name="test_login_admin_success" time="0.272" /><testcase classname="backend.tests.test_tubekit.TestAuth" name="test_login_bad_password" time="0.276" /><testcase classname="backend.tests.test_tubekit.TestAuth" name="test_me_requires_auth" time="0.047" /><testcase classname="backend.tests.test_tubekit.TestAuth" name="test_me_with_token" time="0.317" /><testcase classname="backend.tests.test_tubekit.TestProtected" name="test_requires_auth[/api/seo/generate-post]" time="0.048" /><testcase classname="backend.tests.test_tubekit.TestProtected" name="test_requires_auth[/api/ideas/generate-post]" time="0.047" /><testcase classname="backend.tests.test_tubekit.TestProtected" name="test_requires_auth[/api/thumbnail/generate-post]" time="0.049" /><testcase classname="backend.tests.test_tubekit.TestProtected" name="test_requires_auth[/api/thumbnail/save-post]" time="0.047" /><testcase classname="backend.tests.test_tubekit.TestProtected" name="test_requires_auth[/api/thumbnail/list-get]" time="0.047" /><testcase classname="backend.tests.test_tubekit.TestProtected" name="test_requires_auth[/api/dashboard/stats-get]" time="0.048" /><testcase classname="backend.tests.test_tubekit.TestProtected" name="test_requires_auth[/api/history/list-get]" time="0.046" /><testcase classname="backend.tests.test_tubekit.TestSEO" name="test_seo_generate_tr" time="7.776" /><testcase classname="backend.tests.test_tubekit.TestSEO" name="test_seo_generate_en" time="7.477" /><testcase classname="backend.tests.test_tubekit.TestIdeas" name="test_ideas_tr" time="7.037" /><testcase classname="backend.tests.test_tubekit.TestIdeas" name="test_ideas_en" time="7.164" /><testcase classname="backend.tests.test_tubekit.TestThumbnail" name="test_thumbnail_save_and_list" time="0.562" /><testcase classname="backend.tests.test_tubekit.TestThumbnail" name="test_thumbnail_generate_ai" time="10.260" /><testcase classname="backend.tests.test_tubekit.TestThumbnailDelete" name="test_delete_unauth_returns_401" time="0.049" /><testcase classname="backend.tests.test_tubekit.TestThumbnailDelete" name="test_delete_invalid_id_returns_400" time="0.046" /><testcase classname="backend.tests.test_tubekit.TestThumbnailDelete" name="test_delete_nonexistent_id_returns_404" time="0.046" /><testcase classname="backend.tests.test_tubekit.TestThumbnailDelete" name="test_owner_can_delete_and_listing_reflects" time="0.523" /><testcase classname="backend.tests.test_tubekit.TestThumbnailDelete" name="test_non_owner_admin_cannot_delete_others_thumbnail" time="0.203" /><testcase classname="backend.tests.test_tubekit.TestThumbnailGenerateNewFields" name="test_generate_legacy_no_refs_still_works" time="11.779" /><testcase classname="backend.tests.test_tubekit.TestThumbnailGenerateNewFields" name="test_generate_with_person_image_validates" time="11.712" /><testcase classname="backend.tests.test_tubekit.TestThumbnailGenerateNewFields" name="test_generate_with_scene_images_validates" time="9.413" /><testcase classname="backend.tests.test_tubekit.TestThumbnailGenerateNewFields" name="test_generate_with_person_and_scenes_combined" time="0.381" /><testcase classname="backend.tests.test_tubekit.TestDashboard" name="test_stats" time="0.684" /></testsuite></testsuites>