<?xml version="1.0" encoding="utf-8"?><testsuites name="pytest tests"><testsuite name="pytest" errors="0" failures="1" skipped="0" tests="19" time="37.306" timestamp="2026-06-16T09:57:45.345363+00:00" hostname="agent-env-8d91d150-f429-4f57-aaf6-70a3f5c5d996"><testcase classname="backend.tests.test_tubekit.TestAuth" name="test_register_new_user" time="0.227"><failure message="AssertionError: {&quot;detail&quot;:[{&quot;type&quot;:&quot;value_error&quot;,&quot;loc&quot;:[&quot;body&quot;,&quot;email&quot;],&quot;msg&quot;:&quot;value is not a valid email address: The part after the @-sign is a special-use or reserved name that cannot be used with email.&quot;,&quot;input&quot;:&quot;TEST_user_3d7af33c@tubekit.test&quot;,&quot;ctx&quot;:{&quot;reason&quot;:&quot;The part after the @-sign is a special-use or reserved name that cannot be used with email.&quot;}}]}&#10;assert 422 == 200&#10; +  where 422 = &lt;Response [422]&gt;.status_code">backend/tests/test_tubekit.py:37: in test_register_new_user
    assert r.status_code == 200, r.text
E   AssertionError: {"detail":[{"type":"value_error","loc":["body","email"],"msg":"value is not a valid email address: The part after the @-sign is a special-use or reserved name that cannot be used with email.","input":"TEST_user_3d7af33c@tubekit.test","ctx":{"reason":"The part after the @-sign is a special-use or reserved name that cannot be used with email."}}]}
E   assert 422 == 200
E    +  where 422 = &lt;Response [422]&gt;.status_code</failure></testcase><testcase classname="backend.tests.test_tubekit.TestAuth" name="test_login_admin_success" time="0.268" /><testcase classname="backend.tests.test_tubekit.TestAuth" name="test_login_bad_password" time="0.264" /><testcase classname="backend.tests.test_tubekit.TestAuth" name="test_me_requires_auth" time="0.044" /><testcase classname="backend.tests.test_tubekit.TestAuth" name="test_me_with_token" time="0.309" /><testcase classname="backend.tests.test_tubekit.TestProtected" name="test_requires_auth[/api/seo/generate-post]" time="0.043" /><testcase classname="backend.tests.test_tubekit.TestProtected" name="test_requires_auth[/api/ideas/generate-post]" time="0.041" /><testcase classname="backend.tests.test_tubekit.TestProtected" name="test_requires_auth[/api/thumbnail/generate-post]" time="0.044" /><testcase classname="backend.tests.test_tubekit.TestProtected" name="test_requires_auth[/api/thumbnail/save-post]" time="0.042" /><testcase classname="backend.tests.test_tubekit.TestProtected" name="test_requires_auth[/api/thumbnail/list-get]" time="0.081" /><testcase classname="backend.tests.test_tubekit.TestProtected" name="test_requires_auth[/api/dashboard/stats-get]" time="0.041" /><testcase classname="backend.tests.test_tubekit.TestProtected" name="test_requires_auth[/api/history/list-get]" time="0.044" /><testcase classname="backend.tests.test_tubekit.TestSEO" name="test_seo_generate_tr" time="6.492" /><testcase classname="backend.tests.test_tubekit.TestSEO" name="test_seo_generate_en" time="5.608" /><testcase classname="backend.tests.test_tubekit.TestIdeas" name="test_ideas_tr" time="7.380" /><testcase classname="backend.tests.test_tubekit.TestIdeas" name="test_ideas_en" time="5.360" /><testcase classname="backend.tests.test_tubekit.TestThumbnail" name="test_thumbnail_save_and_list" time="0.220" /><testcase classname="backend.tests.test_tubekit.TestThumbnail" name="test_thumbnail_generate_ai" time="10.369" /><testcase classname="backend.tests.test_tubekit.TestDashboard" name="test_stats" time="0.162" /></testsuite></testsuites>